\BOOKMARK [1][-]{section.1}{Meccanica}{}% 1
\BOOKMARK [2][-]{subsection.1.1}{Cinematica}{section.1}% 2
\BOOKMARK [3][-]{subsubsection.1.1.1}{Moto rettilineo uniforme}{subsection.1.1}% 3
\BOOKMARK [3][-]{subsubsection.1.1.2}{Moto rettilineo uniformemente accelerato}{subsection.1.1}% 4
\BOOKMARK [3][-]{subsubsection.1.1.3}{Moto armonico}{subsection.1.1}% 5
\BOOKMARK [3][-]{subsubsection.1.1.4}{Moto circolare}{subsection.1.1}% 6
\BOOKMARK [3][-]{subsubsection.1.1.5}{Moto del proiettile}{subsection.1.1}% 7
\BOOKMARK [2][-]{subsection.1.2}{Dinamica}{section.1}% 8
\BOOKMARK [3][-]{subsubsection.1.2.1}{Leggi di Newton}{subsection.1.2}% 9
\BOOKMARK [3][-]{subsubsection.1.2.2}{Forze}{subsection.1.2}% 10
\BOOKMARK [3][-]{subsubsection.1.2.3}{Energia}{subsection.1.2}% 11
\BOOKMARK [3][-]{subsubsection.1.2.4}{Impulso e quantit\340 di moto}{subsection.1.2}% 12
\BOOKMARK [1][-]{section.2}{Termodinamica}{}% 13
\BOOKMARK [2][-]{subsection.2.1}{Temperatura}{section.2}% 14
\BOOKMARK [2][-]{subsection.2.2}{Gas}{section.2}% 15
\BOOKMARK [2][-]{subsection.2.3}{Calore}{section.2}% 16
\BOOKMARK [3][-]{subsubsection.2.3.1}{Capacit\340 termica e calore specifico}{subsection.2.3}% 17
\BOOKMARK [2][-]{subsection.2.4}{Primo Principio della Termodinamica}{section.2}% 18
\BOOKMARK [2][-]{subsection.2.5}{Trasformazioni}{section.2}% 19
\BOOKMARK [3][-]{subsubsection.2.5.1}{Isocora}{subsection.2.5}% 20
\BOOKMARK [3][-]{subsubsection.2.5.2}{Isobara}{subsection.2.5}% 21
\BOOKMARK [3][-]{subsubsection.2.5.3}{Isoterma}{subsection.2.5}% 22
\BOOKMARK [3][-]{subsubsection.2.5.4}{Adiabatica}{subsection.2.5}% 23
\BOOKMARK [2][-]{subsection.2.6}{Macchina di Carnot}{section.2}% 24
\BOOKMARK [3][-]{subsubsection.2.6.1}{Rendimento della macchina di Carnot}{subsection.2.6}% 25
\BOOKMARK [2][-]{subsection.2.7}{Entropia e Secondo Principio}{section.2}% 26
\BOOKMARK [1][-]{section.3}{Fluidi}{}% 27
\BOOKMARK [2][-]{subsection.3.1}{Fluidostatica}{section.3}% 28
\BOOKMARK [2][-]{subsection.3.2}{Fluidodinamica}{section.3}% 29
\BOOKMARK [3][-]{subsubsection.3.2.1}{Fluidi Ideali}{subsection.3.2}% 30
\BOOKMARK [3][-]{subsubsection.3.2.2}{Fluidi Reali}{subsection.3.2}% 31
\BOOKMARK [2][-]{subsection.3.3}{Tensione superficiale}{section.3}% 32
\BOOKMARK [1][-]{section.4}{Elettromagnetismo}{}% 33
\BOOKMARK [1][-]{section.5}{Onde}{}% 34
\BOOKMARK [2][-]{subsection.5.1}{Mood}{section.5}% 35
